<?xml version="1.0" encoding="UTF-8"?>
<coverage generated="1697456999918" clover="3.2.0">
  <project timestamp="1697456999918" name="All files">
    <metrics statements="79" coveredstatements="79" conditionals="22" coveredconditionals="22" methods="13" coveredmethods="13" elements="114" coveredelements="114" complexity="0" loc="79" ncloc="79" packages="2" files="3" classes="3"/>
    <package name="entities">
      <metrics statements="45" coveredstatements="45" conditionals="13" coveredconditionals="13" methods="8" coveredmethods="8"/>
      <file name="cart.ts" path="/home/rodrigoantunes/projects/cleanExample/src/entities/cart.ts">
        <metrics statements="38" coveredstatements="38" conditionals="12" coveredconditionals="12" methods="7" coveredmethods="7"/>
        <line num="1" count="1" type="stmt"/>
        <line num="2" count="1" type="stmt"/>
        <line num="3" count="1" type="cond" truecount="1" falsecount="0"/>
        <line num="4" count="5" type="stmt"/>
        <line num="5" count="5" type="stmt"/>
        <line num="6" count="5" type="stmt"/>
        <line num="7" count="5" type="cond" truecount="1" falsecount="0"/>
        <line num="8" count="6" type="cond" truecount="1" falsecount="0"/>
        <line num="9" count="6" type="stmt"/>
        <line num="10" count="5" type="stmt"/>
        <line num="11" count="5" type="cond" truecount="1" falsecount="0"/>
        <line num="12" count="5" type="cond" truecount="1" falsecount="0"/>
        <line num="13" count="5" type="cond" truecount="1" falsecount="0"/>
        <line num="14" count="4" type="stmt"/>
        <line num="15" count="4" type="stmt"/>
        <line num="16" count="5" type="stmt"/>
        <line num="17" count="5" type="stmt"/>
        <line num="18" count="5" type="stmt"/>
        <line num="19" count="5" type="stmt"/>
        <line num="20" count="5" type="cond" truecount="1" falsecount="0"/>
        <line num="21" count="2" type="stmt"/>
        <line num="22" count="2" type="stmt"/>
        <line num="23" count="5" type="stmt"/>
        <line num="24" count="5" type="cond" truecount="1" falsecount="0"/>
        <line num="25" count="1" type="stmt"/>
        <line num="26" count="1" type="stmt"/>
        <line num="27" count="5" type="stmt"/>
        <line num="28" count="5" type="cond" truecount="1" falsecount="0"/>
        <line num="29" count="3" type="stmt"/>
        <line num="30" count="3" type="cond" truecount="1" falsecount="0"/>
        <line num="31" count="1" type="cond" truecount="1" falsecount="0"/>
        <line num="32" count="1" type="stmt"/>
        <line num="33" count="3" type="stmt"/>
        <line num="34" count="5" type="stmt"/>
        <line num="35" count="5" type="cond" truecount="1" falsecount="0"/>
        <line num="36" count="6" type="stmt"/>
        <line num="37" count="6" type="stmt"/>
        <line num="38" count="5" type="stmt"/>
      </file>
      <file name="item.ts" path="/home/rodrigoantunes/projects/cleanExample/src/entities/item.ts">
        <metrics statements="7" coveredstatements="7" conditionals="1" coveredconditionals="1" methods="1" coveredmethods="1"/>
        <line num="1" count="1" type="stmt"/>
        <line num="2" count="1" type="cond" truecount="1" falsecount="0"/>
        <line num="3" count="5" type="stmt"/>
        <line num="4" count="5" type="stmt"/>
        <line num="5" count="5" type="stmt"/>
        <line num="6" count="5" type="stmt"/>
        <line num="7" count="1" type="stmt"/>
      </file>
    </package>
    <package name="useCases.tests">
      <metrics statements="34" coveredstatements="34" conditionals="9" coveredconditionals="9" methods="5" coveredmethods="5"/>
      <file name="mockCartUseCase.ts" path="/home/rodrigoantunes/projects/cleanExample/src/useCases/tests/mockCartUseCase.ts">
        <metrics statements="34" coveredstatements="34" conditionals="9" coveredconditionals="9" methods="5" coveredmethods="5"/>
        <line num="1" count="1" type="stmt"/>
        <line num="2" count="1" type="stmt"/>
        <line num="3" count="1" type="stmt"/>
        <line num="4" count="1" type="stmt"/>
        <line num="5" count="1" type="cond" truecount="1" falsecount="0"/>
        <line num="6" count="6" type="stmt"/>
        <line num="7" count="6" type="stmt"/>
        <line num="8" count="1" type="stmt"/>
        <line num="9" count="1" type="cond" truecount="1" falsecount="0"/>
        <line num="10" count="6" type="cond" truecount="1" falsecount="0"/>
        <line num="11" count="1" type="stmt"/>
        <line num="12" count="1" type="cond" truecount="1" falsecount="0"/>
        <line num="13" count="5" type="stmt"/>
        <line num="14" count="5" type="cond" truecount="1" falsecount="0"/>
        <line num="15" count="4" type="stmt"/>
        <line num="16" count="4" type="stmt"/>
        <line num="17" count="4" type="stmt"/>
        <line num="18" count="6" type="stmt"/>
        <line num="19" count="1" type="stmt"/>
        <line num="20" count="1" type="cond" truecount="1" falsecount="0"/>
        <line num="21" count="2" type="stmt"/>
        <line num="22" count="2" type="stmt"/>
        <line num="23" count="2" type="stmt"/>
        <line num="24" count="1" type="stmt"/>
        <line num="25" count="1" type="cond" truecount="1" falsecount="0"/>
        <line num="26" count="1" type="stmt"/>
        <line num="27" count="1" type="stmt"/>
        <line num="28" count="1" type="stmt"/>
        <line num="29" count="1" type="cond" truecount="1" falsecount="0"/>
        <line num="30" count="6" type="cond" truecount="1" falsecount="0"/>
        <line num="31" count="2" type="stmt"/>
        <line num="32" count="2" type="stmt"/>
        <line num="33" count="6" type="stmt"/>
        <line num="34" count="1" type="stmt"/>
      </file>
    </package>
  </project>
</coverage>
